make.simmap is sampling character histories conditioned on the transition matrix

Q =
              separatesexes hermaphrodite    asexual
separatesexes    -7.4406764      7.090539  0.3501377
hermaphrodite     7.0905387     -7.090539  0.0000000
asexual           0.3501377      0.000000 -0.3501377
(estimated using likelihood);
and (mean) root node prior probabilities
pi =
separatesexes hermaphrodite       asexual 
    0.3333333     0.3333333     0.3333333 
1000 trees with a mapped discrete character with states:
 asexual, hermaphrodite, separatesexes 

trees have 78.42 changes between states on average

changes are of the following types:
     asexual,hermaphrodite asexual,separatesexes hermaphrodite,asexual
x->y                     0                 0.059                     0
     hermaphrodite,separatesexes separatesexes,asexual
x->y                      30.097                 2.212
     separatesexes,hermaphrodite
x->y                      46.052

mean total time spent in each state is:
     separatesexes hermaphrodite    asexual    total
raw      6.3187188     4.4148025 0.27240264 11.00592
prop     0.5741198     0.4011297 0.02475055  1.00000

    asexual hermaphrodite separatesexes
166   0.000         0.498         0.502
167   0.000         1.000         0.000
168   0.000         1.000         0.000
169   0.000         1.000         0.000
170   0.000         0.999         0.001
171   0.000         1.000         0.000
172   0.000         1.000         0.000
173   0.000         1.000         0.000
174   0.000         1.000         0.000
175   0.000         1.000         0.000
176   0.000         1.000         0.000
177   0.000         0.489         0.511
178   0.000         0.590         0.410
179   0.000         0.414         0.586
180   0.000         0.190         0.810
181   0.000         0.203         0.797
182   0.000         0.130         0.870
183   0.000         0.042         0.958
184   0.000         0.042         0.958
185   0.000         0.320         0.680
186   0.000         0.781         0.219
187   0.000         0.783         0.217
188   0.000         0.969         0.031
189   0.000         0.970         0.030
190   0.000         0.940         0.060
191   0.000         0.998         0.002
192   0.000         0.937         0.063
193   0.000         0.000         1.000
194   0.000         0.000         1.000
195   0.000         0.000         1.000
196   0.000         0.320         0.680
197   0.000         0.007         0.993
198   0.000         0.007         0.993
199   0.000         0.007         0.993
200   0.000         0.392         0.608
201   0.000         0.420         0.580
202   0.000         0.001         0.999
203   0.000         0.001         0.999
204   0.000         0.000         1.000
205   0.000         0.043         0.957
206   0.000         0.042         0.958
207   0.000         0.000         1.000
208   0.004         0.089         0.907
209   0.000         0.146         0.854
210   0.000         0.000         1.000
211   0.000         0.000         1.000
212   0.000         0.584         0.416
213   0.000         0.799         0.201
214   0.000         0.841         0.159
215   0.000         1.000         0.000
216   0.000         0.974         0.026
217   0.000         0.000         1.000
218   0.000         1.000         0.000
219   0.000         0.216         0.784
220   0.000         0.861         0.139
221   0.000         1.000         0.000
222   0.000         0.170         0.830
223   0.000         0.046         0.954
224   0.000         0.088         0.912
225   0.000         0.169         0.831
226   0.000         0.000         1.000
227   0.000         0.004         0.996
228   0.000         0.001         0.999
229   0.000         0.001         0.999
230   0.000         0.025         0.975
231   0.000         0.000         1.000
232   0.000         0.967         0.033
233   0.000         0.988         0.012
234   0.000         0.978         0.022
235   0.000         0.935         0.065
236   0.000         0.747         0.253
237   0.000         0.921         0.079
238   0.000         0.989         0.011
239   0.000         0.202         0.798
240   0.000         0.142         0.858
241   0.000         0.007         0.993
242   0.000         0.000         1.000
243   0.000         0.010         0.990
244   0.000         0.000         1.000
245   0.000         0.000         1.000
246   0.000         0.000         1.000
247   0.000         0.027         0.973
248   0.000         1.000         0.000
249   0.000         1.000         0.000
250   0.000         1.000         0.000
251   0.000         0.000         1.000
252   0.000         0.000         1.000
253   0.000         0.000         1.000
254   0.005         0.104         0.891
255   0.000         0.000         1.000
256   0.000         0.000         1.000
257   0.000         0.000         1.000
258   0.000         0.003         0.997
259   0.000         0.001         0.999
260   0.000         0.000         1.000
261   0.000         0.000         1.000
262   0.000         0.000         1.000
263   0.000         0.000         1.000
264   0.000         0.884         0.116
265   0.000         0.000         1.000
266   0.000         0.000         1.000
267   0.000         0.000         1.000
268   0.000         0.003         0.997
269   0.000         0.000         1.000
270   0.000         0.014         0.986
271   0.000         0.055         0.945
272   0.000         0.016         0.984
273   0.000         0.015         0.985
274   0.000         0.005         0.995
275   0.000         0.004         0.996
276   0.000         0.000         1.000
277   0.000         0.000         1.000
278   0.000         0.006         0.994
279   0.000         0.017         0.983
280   0.000         0.020         0.980
281   0.000         0.057         0.943
282   0.000         0.068         0.932
283   0.000         0.207         0.793
284   0.000         0.075         0.925
285   0.000         0.008         0.992
286   0.000         0.923         0.077
287   0.000         0.008         0.992
288   0.000         0.002         0.998
289   0.000         0.004         0.996
290   0.000         0.025         0.975
291   0.000         0.009         0.991
292   0.000         0.040         0.960
293   0.000         0.052         0.948
294   0.000         0.310         0.690
295   0.003         0.089         0.908
296   0.000         0.498         0.502
297   0.000         0.498         0.502
298   0.000         0.487         0.513
299   0.000         0.435         0.565
300   0.003         0.050         0.947
301   1.000         0.000         0.000
302   0.000         0.002         0.998
303   0.000         0.000         1.000
304   0.000         0.000         1.000
305   0.000         0.000         1.000
306   0.000         0.000         1.000
307   0.000         0.008         0.992
308   0.000         0.000         1.000
309   0.000         0.000         1.000
310   0.000         0.002         0.998
311   0.000         0.079         0.921
312   0.000         0.252         0.748
313   0.000         0.005         0.995
314   0.000         0.009         0.991
315   0.000         0.007         0.993
316   0.000         0.009         0.991
317   0.000         0.063         0.937
318   0.000         0.001         0.999
319   0.000         0.073         0.927
320   0.000         0.073         0.927
321   0.000         0.361         0.639
322   0.000         0.731         0.269
323   0.000         0.783         0.217
324   0.000         0.558         0.442
325   0.000         0.551         0.449
326   0.000         0.556         0.444
327   0.000         0.776         0.224
328   0.000         0.834         0.166
329   0.000         0.991         0.009

------------------------------------------------------
make.simmap is sampling character histories conditioned on the transition matrix

Q =
              separatesexes hermaphrodite    asexual
separatesexes    -7.4426433      7.092683  0.3499607
hermaphrodite     7.0926826     -7.092683  0.0000000
asexual           0.3499607      0.000000 -0.3499607
(estimated using likelihood);
and (mean) root node prior probabilities
pi =
separatesexes hermaphrodite       asexual 
    0.3333333     0.3333333     0.3333333 
1000 trees with a mapped discrete character with states:
 asexual, hermaphrodite, separatesexes 

trees have 78.641 changes between states on average

changes are of the following types:
     asexual,hermaphrodite asexual,separatesexes hermaphrodite,asexual
x->y                     0                 0.083                     0
     hermaphrodite,separatesexes separatesexes,asexual
x->y                       30.23                 2.239
     separatesexes,hermaphrodite
x->y                      46.089

mean total time spent in each state is:
     separatesexes hermaphrodite   asexual    total
raw       6.331895     4.4060812 0.2725975 11.01057
prop      0.575074     0.4001682 0.0247578  1.00000

    asexual hermaphrodite separatesexes
166   0.000         0.478         0.522
167   0.000         0.573         0.427
168   0.000         0.443         0.557
169   0.000         0.203         0.797
170   0.000         0.200         0.800
171   0.000         0.131         0.869
172   0.000         0.033         0.967
173   0.000         0.033         0.967
174   0.000         0.302         0.698
175   0.000         0.785         0.215
176   0.000         0.785         0.215
177   0.000         0.965         0.035
178   0.000         0.969         0.031
179   0.000         0.934         0.066
180   0.000         0.993         0.007
181   0.000         0.945         0.055
182   0.000         0.000         1.000
183   0.000         0.000         1.000
184   0.000         0.000         1.000
185   0.000         0.302         0.698
186   0.000         0.007         0.993
187   0.000         0.007         0.993
188   0.000         0.007         0.993
189   0.000         0.386         0.614
190   0.000         0.434         0.566
191   0.000         0.000         1.000
192   0.000         0.000         1.000
193   0.000         0.001         0.999
194   0.000         0.033         0.967
195   0.000         0.030         0.970
196   0.000         0.000         1.000
197   0.002         0.085         0.913
198   0.000         0.150         0.850
199   0.000         0.000         1.000
200   0.000         0.000         1.000
201   0.000         0.603         0.397
202   0.000         0.820         0.180
203   0.000         0.854         0.146
204   0.000         1.000         0.000
205   0.000         0.969         0.031
206   0.000         0.000         1.000
207   0.000         1.000         0.000
208   0.000         0.243         0.757
209   0.000         0.864         0.136
210   0.000         1.000         0.000
211   0.000         0.187         0.813
212   0.000         0.046         0.954
213   0.000         0.091         0.909
214   0.000         0.171         0.829
215   0.000         0.000         1.000
216   0.000         0.006         0.994
217   0.000         0.000         1.000
218   0.000         0.000         1.000
219   0.000         0.016         0.984
220   0.000         0.000         1.000
221   0.000         0.973         0.027
222   0.000         0.991         0.009
223   0.000         0.979         0.021
224   0.000         0.935         0.065
225   0.000         0.748         0.252
226   0.000         0.941         0.059
227   0.000         0.984         0.016
228   0.000         0.458         0.542
229   0.000         1.000         0.000
230   0.000         1.000         0.000
231   0.000         1.000         0.000
232   0.000         0.999         0.001
233   0.000         1.000         0.000
234   0.000         1.000         0.000
235   0.000         1.000         0.000
236   0.000         1.000         0.000
237   0.000         1.000         0.000
238   0.000         1.000         0.000
239   0.000         0.223         0.777
240   0.000         0.160         0.840
241   0.000         0.008         0.992
242   0.000         0.000         1.000
243   0.000         0.007         0.993
244   0.000         0.000         1.000
245   0.000         0.000         1.000
246   0.000         0.000         1.000
247   0.000         0.031         0.969
248   0.000         1.000         0.000
249   0.000         1.000         0.000
250   0.000         1.000         0.000
251   0.000         0.000         1.000
252   0.000         0.002         0.998
253   0.000         0.000         1.000
254   0.006         0.086         0.908
255   0.000         0.000         1.000
256   0.000         0.000         1.000
257   0.000         0.000         1.000
258   0.000         0.002         0.998
259   0.000         0.001         0.999
260   0.000         0.000         1.000
261   0.000         0.000         1.000
262   0.000         0.000         1.000
263   0.000         0.000         1.000
264   0.000         0.860         0.140
265   0.000         0.001         0.999
266   0.000         0.000         1.000
267   0.000         0.000         1.000
268   0.000         0.003         0.997
269   0.000         0.000         1.000
270   0.000         0.015         0.985
271   0.000         0.049         0.951
272   0.000         0.018         0.982
273   0.000         0.018         0.982
274   0.000         0.007         0.993
275   0.000         0.007         0.993
276   0.000         0.003         0.997
277   0.000         0.000         1.000
278   0.000         0.010         0.990
279   0.000         0.018         0.982
280   0.000         0.027         0.973
281   0.000         0.044         0.956
282   0.000         0.070         0.930
283   0.000         0.186         0.814
284   0.000         0.054         0.946
285   0.000         0.006         0.994
286   0.000         0.931         0.069
287   0.000         0.009         0.991
288   0.000         0.003         0.997
289   0.000         0.006         0.994
290   0.000         0.020         0.980
291   0.000         0.007         0.993
292   0.000         0.058         0.942
293   0.000         0.072         0.928
294   0.000         0.325         0.675
295   0.000         0.101         0.899
296   0.000         0.508         0.492
297   0.000         0.508         0.492
298   0.000         0.484         0.516
299   0.000         0.435         0.565
300   0.002         0.065         0.933
301   1.000         0.000         0.000
302   0.000         0.003         0.997
303   0.000         0.000         1.000
304   0.000         0.000         1.000
305   0.000         0.000         1.000
306   0.000         0.000         1.000
307   0.000         0.013         0.987
308   0.000         0.001         0.999
309   0.000         0.000         1.000
310   0.000         0.000         1.000
311   0.000         0.092         0.908
312   0.000         0.242         0.758
313   0.000         0.007         0.993
314   0.000         0.016         0.984
315   0.000         0.011         0.989
316   0.000         0.011         0.989
317   0.000         0.071         0.929
318   0.000         0.001         0.999
319   0.000         0.063         0.937
320   0.000         0.063         0.937
321   0.000         0.368         0.632
322   0.000         0.719         0.281
323   0.000         0.767         0.233
324   0.000         0.577         0.423
325   0.000         0.578         0.422
326   0.000         0.555         0.445
327   0.000         0.777         0.223
328   0.000         0.831         0.169
329   0.000         0.993         0.007

------------------------------------------------------
R version 3.4.1 (2017-06-30)
Platform: x86_64-apple-darwin15.6.0 (64-bit)
Running under: macOS Sierra 10.12.4

Matrix products: default
BLAS: /Library/Frameworks/R.framework/Versions/3.4/Resources/lib/libRblas.0.dylib
LAPACK: /Library/Frameworks/R.framework/Versions/3.4/Resources/lib/libRlapack.dylib

locale:
[1] en_US.UTF-8/en_US.UTF-8/en_US.UTF-8/C/en_US.UTF-8/en_US.UTF-8

attached base packages:
[1] stats     graphics  grDevices utils     datasets  base     

other attached packages:
[1] phytools_0.6-20 ape_4.1         maps_3.2.0     

loaded via a namespace (and not attached):
 [1] Rcpp_0.12.12            quadprog_1.5-5          lattice_0.20-35        
 [4] mvtnorm_1.0-6           msm_1.6.4               MASS_7.3-47            
 [7] grid_3.4.1              nlme_3.1-131            magrittr_1.5           
[10] coda_0.19-1             scatterplot3d_0.3-40    phangorn_2.2.0         
[13] combinat_0.0-8          Matrix_1.2-11           fastmatch_1.1-0        
[16] splines_3.4.1           igraph_1.1.2            plotrix_3.6-6          
[19] numDeriv_2016.8-1       survival_2.41-3         parallel_3.4.1         
[22] compiler_3.4.1          pkgconfig_2.0.1         mnormt_1.5-5           
[25] clusterGeneration_1.3.4 animation_2.5           methods_3.4.1          
[28] expm_0.999-2           
