make.simmap is sampling character histories conditioned on the transition matrix

Q =
              separatesexes hermaphrodite      asexual
separatesexes  -0.092977552    0.08840805  0.004569498
hermaphrodite   0.088408054   -0.09887514  0.010467086
asexual         0.004569498    0.01046709 -0.015036585
(estimated using likelihood);
and (mean) root node prior probabilities
pi =
separatesexes hermaphrodite       asexual 
    0.3333333     0.3333333     0.3333333 
1000 trees with a mapped discrete character with states:
 asexual, hermaphrodite, separatesexes 

trees have 31.04 changes between states on average

changes are of the following types:
     asexual,hermaphrodite asexual,separatesexes hermaphrodite,asexual
x->y                 0.044                 0.023                 1.342
     hermaphrodite,separatesexes separatesexes,asexual
x->y                      11.515                 0.908
     separatesexes,hermaphrodite
x->y                      17.208

mean total time spent in each state is:
     separatesexes hermaphrodite     asexual total
raw    198.9179855    125.822440 3.259574640   328
prop     0.6064573      0.383605 0.009937728     1

    asexual hermaphrodite separatesexes
166   0.000         0.947         0.053
167   0.000         0.994         0.006
168   0.000         0.995         0.005
169   0.000         0.995         0.005
170   0.000         0.992         0.008
171   0.000         0.998         0.002
172   0.000         0.994         0.006
173   0.000         0.999         0.001
174   0.000         0.921         0.079
175   0.000         0.999         0.001
176   0.000         1.000         0.000
177   0.000         0.905         0.095
178   0.000         0.955         0.045
179   0.000         0.904         0.096
180   0.000         0.345         0.655
181   0.000         0.322         0.678
182   0.000         0.223         0.777
183   0.000         0.078         0.922
184   0.000         0.025         0.975
185   0.000         0.045         0.955
186   0.000         0.193         0.807
187   0.000         0.913         0.087
188   0.000         0.985         0.015
189   0.000         0.978         0.022
190   0.009         0.896         0.095
191   0.000         0.997         0.003
192   0.000         0.993         0.007
193   0.000         0.105         0.895
194   0.000         0.182         0.818
195   0.000         0.014         0.986
196   0.000         0.036         0.964
197   0.000         0.017         0.983
198   0.000         0.015         0.985
199   0.000         0.013         0.987
200   0.000         0.104         0.896
201   0.000         0.141         0.859
202   0.000         0.005         0.995
203   0.000         0.010         0.990
204   0.000         0.002         0.998
205   0.001         0.071         0.928
206   0.000         0.040         0.960
207   0.000         0.002         0.998
208   0.011         0.125         0.864
209   0.000         0.288         0.712
210   0.000         0.048         0.952
211   0.000         0.040         0.960
212   0.000         0.448         0.552
213   0.000         0.575         0.425
214   0.000         0.547         0.453
215   0.000         0.838         0.162
216   0.000         0.824         0.176
217   0.000         0.422         0.578
218   0.000         0.986         0.014
219   0.000         0.047         0.953
220   0.000         0.785         0.215
221   0.000         0.976         0.024
222   0.000         0.045         0.955
223   0.000         0.018         0.982
224   0.000         0.017         0.983
225   0.000         0.105         0.895
226   0.000         0.011         0.989
227   0.000         0.024         0.976
228   0.000         0.017         0.983
229   0.000         0.004         0.996
230   0.000         0.006         0.994
231   0.000         0.000         1.000
232   0.000         0.972         0.028
233   0.000         0.977         0.023
234   0.010         0.898         0.092
235   0.001         0.982         0.017
236   0.000         0.995         0.005
237   0.000         0.999         0.001
238   0.000         1.000         0.000
239   0.001         0.645         0.354
240   0.000         0.380         0.620
241   0.000         0.086         0.914
242   0.000         0.015         0.985
243   0.000         0.019         0.981
244   0.000         0.003         0.997
245   0.000         0.001         0.999
246   0.000         0.008         0.992
247   0.000         0.085         0.915
248   0.000         0.896         0.104
249   0.000         0.993         0.007
250   0.000         0.989         0.011
251   0.000         0.000         1.000
252   0.000         0.000         1.000
253   0.000         0.000         1.000
254   0.005         0.083         0.912
255   0.000         0.002         0.998
256   0.000         0.002         0.998
257   0.000         0.001         0.999
258   0.000         0.053         0.947
259   0.000         0.168         0.832
260   0.000         0.075         0.925
261   0.000         0.092         0.908
262   0.000         0.523         0.477
263   0.000         0.516         0.484
264   0.000         0.954         0.046
265   0.000         0.007         0.993
266   0.000         0.000         1.000
267   0.000         0.001         0.999
268   0.000         0.014         0.986
269   0.000         0.003         0.997
270   0.000         0.016         0.984
271   0.000         0.394         0.606
272   0.000         0.055         0.945
273   0.000         0.012         0.988
274   0.000         0.001         0.999
275   0.000         0.001         0.999
276   0.000         0.000         1.000
277   0.000         0.001         0.999
278   0.000         0.000         1.000
279   0.000         0.001         0.999
280   0.000         0.001         0.999
281   0.000         0.006         0.994
282   0.000         0.013         0.987
283   0.000         0.084         0.916
284   0.000         0.006         0.994
285   0.000         0.001         0.999
286   0.000         0.906         0.094
287   0.000         0.007         0.993
288   0.000         0.009         0.991
289   0.000         0.045         0.955
290   0.000         0.042         0.958
291   0.000         0.002         0.998
292   0.002         0.252         0.746
293   0.002         0.905         0.093
294   0.000         0.995         0.005
295   0.018         0.940         0.042
296   0.000         0.991         0.009
297   0.000         0.998         0.002
298   0.000         0.992         0.008
299   0.000         0.913         0.087
300   0.018         0.170         0.812
301   0.992         0.002         0.006
302   0.000         0.017         0.983
303   0.000         0.002         0.998
304   0.000         0.000         1.000
305   0.000         0.000         1.000
306   0.000         0.000         1.000
307   0.000         0.001         0.999
308   0.000         0.000         1.000
309   0.000         0.000         1.000
310   0.000         0.000         1.000
311   0.000         0.087         0.913
312   0.000         0.008         0.992
313   0.000         0.003         0.997
314   0.000         0.000         1.000
315   0.000         0.000         1.000
316   0.000         0.003         0.997
317   0.000         0.001         0.999
318   0.000         0.000         1.000
319   0.000         0.935         0.065
320   0.000         0.994         0.006
321   0.000         0.998         0.002
322   0.000         0.999         0.001
323   0.000         0.998         0.002
324   0.000         0.999         0.001
325   0.000         0.999         0.001
326   0.000         0.999         0.001
327   0.000         0.999         0.001
328   0.000         1.000         0.000
329   0.000         0.999         0.001

------------------------------------------------------
make.simmap is sampling character histories conditioned on the transition matrix

Q =
              separatesexes hermaphrodite      asexual
separatesexes  -0.092956764    0.08837781  0.004578957
hermaphrodite   0.088377806   -0.09882173  0.010443922
asexual         0.004578957    0.01044392 -0.015022879
(estimated using likelihood);
and (mean) root node prior probabilities
pi =
separatesexes hermaphrodite       asexual 
    0.3333333     0.3333333     0.3333333 
1000 trees with a mapped discrete character with states:
 asexual, hermaphrodite, separatesexes 

trees have 31.127 changes between states on average

changes are of the following types:
     asexual,hermaphrodite asexual,separatesexes hermaphrodite,asexual
x->y                 0.022                 0.012                 1.336
     hermaphrodite,separatesexes separatesexes,asexual
x->y                      11.571                 0.904
     separatesexes,hermaphrodite
x->y                      17.282

mean total time spent in each state is:
     separatesexes hermaphrodite     asexual total
raw    198.6904640   126.1177101 3.191825896   328
prop     0.6057636     0.3845052 0.009731177     1

    asexual hermaphrodite separatesexes
166   0.000         0.936         0.064
167   0.000         0.963         0.037
168   0.000         0.902         0.098
169   0.000         0.365         0.635
170   0.000         0.335         0.665
171   0.000         0.207         0.793
172   0.000         0.064         0.936
173   0.000         0.020         0.980
174   0.000         0.044         0.956
175   0.000         0.175         0.825
176   0.000         0.921         0.079
177   0.000         0.983         0.017
178   0.000         0.984         0.016
179   0.012         0.906         0.082
180   0.000         0.997         0.003
181   0.000         0.991         0.009
182   0.000         0.108         0.892
183   0.000         0.181         0.819
184   0.000         0.019         0.981
185   0.000         0.037         0.963
186   0.000         0.011         0.989
187   0.000         0.016         0.984
188   0.000         0.016         0.984
189   0.000         0.113         0.887
190   0.000         0.194         0.806
191   0.000         0.003         0.997
192   0.000         0.006         0.994
193   0.000         0.000         1.000
194   0.000         0.059         0.941
195   0.000         0.036         0.964
196   0.000         0.006         0.994
197   0.004         0.127         0.869
198   0.000         0.259         0.741
199   0.000         0.050         0.950
200   0.000         0.034         0.966
201   0.000         0.460         0.540
202   0.000         0.584         0.416
203   0.000         0.550         0.450
204   0.000         0.831         0.169
205   0.000         0.813         0.187
206   0.000         0.398         0.602
207   0.000         0.989         0.011
208   0.000         0.052         0.948
209   0.000         0.792         0.208
210   0.000         0.973         0.027
211   0.000         0.041         0.959
212   0.000         0.020         0.980
213   0.000         0.018         0.982
214   0.000         0.106         0.894
215   0.000         0.006         0.994
216   0.000         0.032         0.968
217   0.000         0.018         0.982
218   0.000         0.003         0.997
219   0.000         0.005         0.995
220   0.000         0.000         1.000
221   0.000         0.979         0.021
222   0.000         0.981         0.019
223   0.015         0.885         0.100
224   0.000         0.981         0.019
225   0.000         0.994         0.006
226   0.000         0.999         0.001
227   0.000         1.000         0.000
228   0.000         0.920         0.080
229   0.000         0.989         0.011
230   0.000         1.000         0.000
231   0.000         0.997         0.003
232   0.000         0.994         0.006
233   0.000         0.999         0.001
234   0.000         0.990         0.010
235   0.000         0.995         0.005
236   0.000         0.907         0.093
237   0.000         0.999         0.001
238   0.000         0.999         0.001
239   0.000         0.639         0.361
240   0.000         0.377         0.623
241   0.000         0.077         0.923
242   0.000         0.018         0.982
243   0.000         0.023         0.977
244   0.000         0.002         0.998
245   0.000         0.002         0.998
246   0.000         0.005         0.995
247   0.000         0.071         0.929
248   0.000         0.923         0.077
249   0.000         0.995         0.005
250   0.000         0.995         0.005
251   0.000         0.002         0.998
252   0.000         0.000         1.000
253   0.000         0.000         1.000
254   0.004         0.106         0.890
255   0.000         0.001         0.999
256   0.000         0.000         1.000
257   0.000         0.001         0.999
258   0.000         0.053         0.947
259   0.000         0.184         0.816
260   0.000         0.076         0.924
261   0.000         0.127         0.873
262   0.000         0.552         0.448
263   0.000         0.535         0.465
264   0.000         0.956         0.044
265   0.000         0.009         0.991
266   0.000         0.000         1.000
267   0.000         0.003         0.997
268   0.000         0.018         0.982
269   0.000         0.002         0.998
270   0.000         0.020         0.980
271   0.000         0.392         0.608
272   0.000         0.051         0.949
273   0.000         0.014         0.986
274   0.000         0.001         0.999
275   0.000         0.002         0.998
276   0.000         0.002         0.998
277   0.000         0.002         0.998
278   0.000         0.002         0.998
279   0.000         0.000         1.000
280   0.000         0.001         0.999
281   0.000         0.011         0.989
282   0.000         0.012         0.988
283   0.000         0.095         0.905
284   0.000         0.008         0.992
285   0.000         0.000         1.000
286   0.000         0.926         0.074
287   0.000         0.006         0.994
288   0.000         0.011         0.989
289   0.000         0.045         0.955
290   0.000         0.035         0.965
291   0.000         0.003         0.997
292   0.000         0.214         0.786
293   0.000         0.889         0.111
294   0.000         0.993         0.007
295   0.013         0.940         0.047
296   0.000         0.996         0.004
297   0.000         0.998         0.002
298   0.000         0.994         0.006
299   0.000         0.910         0.090
300   0.012         0.168         0.820
301   0.992         0.008         0.000
302   0.000         0.014         0.986
303   0.000         0.006         0.994
304   0.000         0.002         0.998
305   0.000         0.001         0.999
306   0.000         0.001         0.999
307   0.000         0.001         0.999
308   0.000         0.001         0.999
309   0.000         0.001         0.999
310   0.000         0.001         0.999
311   0.000         0.089         0.911
312   0.000         0.010         0.990
313   0.000         0.000         1.000
314   0.000         0.000         1.000
315   0.000         0.002         0.998
316   0.000         0.001         0.999
317   0.000         0.001         0.999
318   0.000         0.000         1.000
319   0.000         0.939         0.061
320   0.000         0.994         0.006
321   0.000         1.000         0.000
322   0.000         0.999         0.001
323   0.000         1.000         0.000
324   0.000         0.999         0.001
325   0.000         0.998         0.002
326   0.000         0.998         0.002
327   0.000         0.999         0.001
328   0.000         1.000         0.000
329   0.000         1.000         0.000

------------------------------------------------------
R version 3.4.1 (2017-06-30)
Platform: x86_64-apple-darwin15.6.0 (64-bit)
Running under: macOS Sierra 10.12.4

Matrix products: default
BLAS: /Library/Frameworks/R.framework/Versions/3.4/Resources/lib/libRblas.0.dylib
LAPACK: /Library/Frameworks/R.framework/Versions/3.4/Resources/lib/libRlapack.dylib

locale:
[1] en_US.UTF-8/en_US.UTF-8/en_US.UTF-8/C/en_US.UTF-8/en_US.UTF-8

attached base packages:
[1] stats     graphics  grDevices utils     datasets  base     

other attached packages:
[1] phytools_0.6-20 ape_4.1         maps_3.2.0     

loaded via a namespace (and not attached):
 [1] Rcpp_0.12.12            quadprog_1.5-5          lattice_0.20-35        
 [4] mvtnorm_1.0-6           msm_1.6.4               MASS_7.3-47            
 [7] grid_3.4.1              nlme_3.1-131            magrittr_1.5           
[10] coda_0.19-1             scatterplot3d_0.3-40    phangorn_2.2.0         
[13] combinat_0.0-8          Matrix_1.2-10           fastmatch_1.1-0        
[16] splines_3.4.1           igraph_1.1.2            plotrix_3.6-6          
[19] numDeriv_2016.8-1       survival_2.41-3         parallel_3.4.1         
[22] compiler_3.4.1          pkgconfig_2.0.1         mnormt_1.5-5           
[25] clusterGeneration_1.3.4 animation_2.5           methods_3.4.1          
[28] expm_0.999-2           
