make.simmap is sampling character histories conditioned on the transition matrix

Q =
              hermaphrodite separatesexes    asexual
hermaphrodite    -7.8820155      7.524526  0.3574898
separatesexes     7.5245256     -7.524526  0.0000000
asexual           0.3574898      0.000000 -0.3574898
(estimated using likelihood);
and (mean) root node prior probabilities
pi =
hermaphrodite separatesexes       asexual 
    0.3333333     0.3333333     0.3333333 
1000 trees with a mapped discrete character with states:
 asexual, hermaphrodite, separatesexes 

trees have 83.109 changes between states on average

changes are of the following types:
     asexual,hermaphrodite asexual,separatesexes hermaphrodite,asexual
x->y                  0.07                     0                 2.236
     hermaphrodite,separatesexes separatesexes,asexual
x->y                       48.09                     0
     separatesexes,hermaphrodite
x->y                      32.713

mean total time spent in each state is:
     hermaphrodite separatesexes    asexual    total
raw      6.2119167     4.5143288 0.27967845 11.00592
prop     0.5644157     0.4101726 0.02541163  1.00000

    asexual hermaphrodite separatesexes
166   0.000         0.507         0.493
167   0.000         0.000         1.000
168   0.000         0.000         1.000
169   0.000         0.000         1.000
170   0.000         0.001         0.999
171   0.000         0.000         1.000
172   0.000         0.000         1.000
173   0.000         0.000         1.000
174   0.000         0.000         1.000
175   0.000         0.000         1.000
176   0.000         0.000         1.000
177   0.000         0.521         0.479
178   0.000         0.435         0.565
179   0.000         0.593         0.407
180   0.000         0.799         0.201
181   0.000         0.771         0.229
182   0.000         0.855         0.145
183   0.000         0.948         0.052
184   0.000         0.948         0.052
185   0.000         0.649         0.351
186   0.000         0.205         0.795
187   0.000         0.205         0.795
188   0.000         0.040         0.960
189   0.000         0.038         0.962
190   0.000         0.074         0.926
191   0.000         0.006         0.994
192   0.000         0.054         0.946
193   0.000         1.000         0.000
194   0.000         1.000         0.000
195   0.000         1.000         0.000
196   0.000         0.649         0.351
197   0.000         0.982         0.018
198   0.000         0.982         0.018
199   0.000         0.982         0.018
200   0.000         0.589         0.411
201   0.000         0.554         0.446
202   0.000         1.000         0.000
203   0.000         1.000         0.000
204   0.000         1.000         0.000
205   0.000         0.948         0.052
206   0.000         0.949         0.051
207   0.000         1.000         0.000
208   0.001         0.910         0.089
209   0.000         0.832         0.168
210   0.000         1.000         0.000
211   0.000         1.000         0.000
212   0.000         0.387         0.613
213   0.000         0.172         0.828
214   0.000         0.149         0.851
215   0.000         0.000         1.000
216   0.000         0.030         0.970
217   0.000         1.000         0.000
218   0.000         0.000         1.000
219   0.000         0.765         0.235
220   0.000         0.127         0.873
221   0.000         0.000         1.000
222   0.000         0.821         0.179
223   0.000         0.938         0.062
224   0.000         0.902         0.098
225   0.000         0.820         0.180
226   0.000         1.000         0.000
227   0.000         0.994         0.006
228   0.000         0.998         0.002
229   0.000         0.998         0.002
230   0.000         0.980         0.020
231   0.000         0.999         0.001
232   0.000         0.036         0.964
233   0.000         0.016         0.984
234   0.000         0.021         0.979
235   0.000         0.057         0.943
236   0.000         0.298         0.702
237   0.000         0.093         0.907
238   0.000         0.012         0.988
239   0.000         0.808         0.192
240   0.000         0.858         0.142
241   0.000         0.989         0.011
242   0.000         1.000         0.000
243   0.000         0.994         0.006
244   0.000         1.000         0.000
245   0.000         1.000         0.000
246   0.000         1.000         0.000
247   0.000         0.966         0.034
248   0.000         0.000         1.000
249   0.000         0.000         1.000
250   0.000         0.000         1.000
251   0.000         1.000         0.000
252   0.000         1.000         0.000
253   0.000         1.000         0.000
254   0.003         0.917         0.080
255   0.000         1.000         0.000
256   0.000         1.000         0.000
257   0.000         1.000         0.000
258   0.000         0.996         0.004
259   0.000         0.998         0.002
260   0.000         1.000         0.000
261   0.000         1.000         0.000
262   0.000         1.000         0.000
263   0.000         1.000         0.000
264   0.000         0.145         0.855
265   0.000         1.000         0.000
266   0.000         1.000         0.000
267   0.000         1.000         0.000
268   0.000         0.995         0.005
269   0.000         1.000         0.000
270   0.000         0.982         0.018
271   0.000         0.699         0.301
272   0.000         0.914         0.086
273   0.000         0.917         0.083
274   0.000         0.989         0.011
275   0.000         0.987         0.013
276   0.000         0.997         0.003
277   0.000         0.999         0.001
278   0.000         0.995         0.005
279   0.000         0.984         0.016
280   0.000         0.981         0.019
281   0.000         0.954         0.046
282   0.000         0.876         0.124
283   0.000         0.785         0.215
284   0.000         0.910         0.090
285   0.000         0.987         0.013
286   0.000         0.073         0.927
287   0.000         0.992         0.008
288   0.000         0.997         0.003
289   0.000         0.994         0.006
290   0.000         0.977         0.023
291   0.000         0.989         0.011
292   0.000         0.940         0.060
293   0.000         0.932         0.068
294   0.000         0.718         0.282
295   0.001         0.896         0.103
296   0.000         0.511         0.489
297   0.000         0.511         0.489
298   0.000         0.511         0.489
299   0.000         0.524         0.476
300   0.001         0.948         0.051
301   1.000         0.000         0.000
302   0.000         0.997         0.003
303   0.000         1.000         0.000
304   0.000         1.000         0.000
305   0.000         1.000         0.000
306   0.000         1.000         0.000
307   0.000         0.992         0.008
308   0.000         0.999         0.001
309   0.000         1.000         0.000
310   0.000         0.997         0.003
311   0.000         0.887         0.113
312   0.000         0.754         0.246
313   0.000         0.995         0.005
314   0.000         0.980         0.020
315   0.000         0.987         0.013
316   0.000         0.988         0.012
317   0.000         0.930         0.070
318   0.000         0.997         0.003
319   0.000         0.597         0.403
320   0.000         0.597         0.403
321   0.000         0.438         0.562
322   0.000         0.237         0.763
323   0.000         0.202         0.798
324   0.000         0.408         0.592
325   0.000         0.437         0.563
326   0.000         0.455         0.545
327   0.000         0.262         0.738
328   0.000         0.184         0.816
329   0.000         0.013         0.987

------------------------------------------------------
make.simmap is sampling character histories conditioned on the transition matrix

Q =
              hermaphrodite separatesexes    asexual
hermaphrodite    -7.8852276      7.527925  0.3573025
separatesexes     7.5279250     -7.527925  0.0000000
asexual           0.3573025      0.000000 -0.3573025
(estimated using likelihood);
and (mean) root node prior probabilities
pi =
hermaphrodite separatesexes       asexual 
    0.3333333     0.3333333     0.3333333 
1000 trees with a mapped discrete character with states:
 asexual, hermaphrodite, separatesexes 

trees have 83.094 changes between states on average

changes are of the following types:
     asexual,hermaphrodite asexual,separatesexes hermaphrodite,asexual
x->y                 0.085                     0                  2.25
     hermaphrodite,separatesexes separatesexes,asexual
x->y                      48.254                     0
     separatesexes,hermaphrodite
x->y                      32.505

mean total time spent in each state is:
     hermaphrodite separatesexes    asexual    total
raw       6.220467      4.510008 0.28009871 11.01057
prop      0.564954      0.409607 0.02543906  1.00000

    asexual hermaphrodite separatesexes
166   0.000         0.541         0.459
167   0.000         0.442         0.558
168   0.000         0.591         0.409
169   0.000         0.812         0.188
170   0.000         0.791         0.209
171   0.000         0.865         0.135
172   0.000         0.948         0.052
173   0.000         0.948         0.052
174   0.000         0.649         0.351
175   0.000         0.222         0.778
176   0.000         0.222         0.778
177   0.000         0.034         0.966
178   0.000         0.030         0.970
179   0.000         0.075         0.925
180   0.000         0.010         0.990
181   0.000         0.078         0.922
182   0.000         1.000         0.000
183   0.000         1.000         0.000
184   0.000         1.000         0.000
185   0.000         0.649         0.351
186   0.000         0.992         0.008
187   0.000         0.992         0.008
188   0.000         0.992         0.008
189   0.000         0.578         0.422
190   0.000         0.548         0.452
191   0.000         0.999         0.001
192   0.000         1.000         0.000
193   0.000         1.000         0.000
194   0.000         0.948         0.052
195   0.000         0.951         0.049
196   0.000         1.000         0.000
197   0.003         0.898         0.099
198   0.000         0.850         0.150
199   0.000         1.000         0.000
200   0.000         1.000         0.000
201   0.000         0.421         0.579
202   0.000         0.205         0.795
203   0.000         0.168         0.832
204   0.000         0.000         1.000
205   0.000         0.030         0.970
206   0.000         1.000         0.000
207   0.000         0.000         1.000
208   0.000         0.762         0.238
209   0.000         0.136         0.864
210   0.000         0.000         1.000
211   0.000         0.829         0.171
212   0.000         0.940         0.060
213   0.000         0.900         0.100
214   0.000         0.811         0.189
215   0.000         1.000         0.000
216   0.000         0.995         0.005
217   0.000         1.000         0.000
218   0.000         1.000         0.000
219   0.000         0.979         0.021
220   0.000         1.000         0.000
221   0.000         0.041         0.959
222   0.000         0.009         0.991
223   0.000         0.024         0.976
224   0.000         0.075         0.925
225   0.000         0.269         0.731
226   0.000         0.069         0.931
227   0.000         0.011         0.989
228   0.000         0.563         0.437
229   0.000         0.000         1.000
230   0.000         0.000         1.000
231   0.000         0.000         1.000
232   0.000         0.001         0.999
233   0.000         0.000         1.000
234   0.000         0.000         1.000
235   0.000         0.000         1.000
236   0.000         0.000         1.000
237   0.000         0.000         1.000
238   0.000         0.000         1.000
239   0.000         0.803         0.197
240   0.000         0.851         0.149
241   0.000         0.989         0.011
242   0.000         1.000         0.000
243   0.000         0.989         0.011
244   0.000         1.000         0.000
245   0.000         1.000         0.000
246   0.000         1.000         0.000
247   0.000         0.973         0.027
248   0.000         0.000         1.000
249   0.000         0.000         1.000
250   0.000         0.000         1.000
251   0.000         1.000         0.000
252   0.000         0.999         0.001
253   0.000         0.999         0.001
254   0.005         0.916         0.079
255   0.000         1.000         0.000
256   0.000         1.000         0.000
257   0.000         1.000         0.000
258   0.000         0.995         0.005
259   0.000         0.995         0.005
260   0.000         1.000         0.000
261   0.000         1.000         0.000
262   0.000         1.000         0.000
263   0.000         1.000         0.000
264   0.000         0.142         0.858
265   0.000         1.000         0.000
266   0.000         1.000         0.000
267   0.000         1.000         0.000
268   0.000         0.992         0.008
269   0.000         1.000         0.000
270   0.000         0.983         0.017
271   0.000         0.743         0.257
272   0.000         0.921         0.079
273   0.000         0.923         0.077
274   0.000         0.981         0.019
275   0.000         0.988         0.012
276   0.000         0.998         0.002
277   0.000         1.000         0.000
278   0.000         0.987         0.013
279   0.000         0.974         0.026
280   0.000         0.964         0.036
281   0.000         0.953         0.047
282   0.000         0.877         0.123
283   0.000         0.773         0.227
284   0.000         0.933         0.067
285   0.000         0.994         0.006
286   0.000         0.069         0.931
287   0.000         0.988         0.012
288   0.000         1.000         0.000
289   0.000         0.993         0.007
290   0.000         0.974         0.026
291   0.000         0.988         0.012
292   0.000         0.945         0.055
293   0.000         0.935         0.065
294   0.000         0.674         0.326
295   0.000         0.894         0.106
296   0.000         0.507         0.493
297   0.000         0.507         0.493
298   0.000         0.544         0.456
299   0.000         0.576         0.424
300   0.002         0.934         0.064
301   1.000         0.000         0.000
302   0.000         1.000         0.000
303   0.000         1.000         0.000
304   0.000         1.000         0.000
305   0.000         1.000         0.000
306   0.000         1.000         0.000
307   0.000         0.991         0.009
308   0.000         1.000         0.000
309   0.000         1.000         0.000
310   0.000         1.000         0.000
311   0.000         0.903         0.097
312   0.000         0.716         0.284
313   0.000         0.991         0.009
314   0.000         0.983         0.017
315   0.000         0.980         0.020
316   0.000         0.980         0.020
317   0.000         0.923         0.077
318   0.000         0.994         0.006
319   0.000         0.653         0.347
320   0.000         0.653         0.347
321   0.000         0.489         0.511
322   0.000         0.236         0.764
323   0.000         0.198         0.802
324   0.000         0.408         0.592
325   0.000         0.416         0.584
326   0.000         0.482         0.518
327   0.000         0.238         0.762
328   0.000         0.188         0.812
329   0.000         0.014         0.986

------------------------------------------------------
