R version 3.4.1 (2017-06-30)
Platform: x86_64-apple-darwin15.6.0 (64-bit)
Running under: macOS Sierra 10.12.4

Matrix products: default
BLAS: /Library/Frameworks/R.framework/Versions/3.4/Resources/lib/libRblas.0.dylib
LAPACK: /Library/Frameworks/R.framework/Versions/3.4/Resources/lib/libRlapack.dylib

locale:
[1] en_US.UTF-8/en_US.UTF-8/en_US.UTF-8/C/en_US.UTF-8/en_US.UTF-8

attached base packages:
[1] stats     graphics  grDevices utils     datasets  base     

other attached packages:
[1] phytools_0.6-20 ape_4.1         maps_3.2.0     

loaded via a namespace (and not attached):
 [1] Rcpp_0.12.12            quadprog_1.5-5          lattice_0.20-35        
 [4] mvtnorm_1.0-6           msm_1.6.4               MASS_7.3-47            
 [7] grid_3.4.1              nlme_3.1-131            magrittr_1.5           
[10] coda_0.19-1             scatterplot3d_0.3-40    phangorn_2.2.0         
[13] combinat_0.0-8          Matrix_1.2-10           fastmatch_1.1-0        
[16] splines_3.4.1           igraph_1.1.2            plotrix_3.6-6          
[19] numDeriv_2016.8-1       survival_2.41-3         parallel_3.4.1         
[22] compiler_3.4.1          pkgconfig_2.0.1         mnormt_1.5-5           
[25] clusterGeneration_1.3.4 animation_2.5           methods_3.4.1          
[28] expm_0.999-2           
